c:\users\robin\downloads\1graphics_coursework current\1graphics_coursework current\1graphics_coursework\space game\space game\x64\debug\vc143.pdb
c:\users\robin\downloads\1graphics_coursework current\1graphics_coursework current\1graphics_coursework\space game\space game\x64\debug\vc143.idb
c:\users\robin\downloads\1graphics_coursework current\1graphics_coursework current\1graphics_coursework\space game\space game\x64\debug\startscreen.obj
c:\users\robin\downloads\1graphics_coursework current\1graphics_coursework current\1graphics_coursework\space game\space game\x64\debug\sprite.obj
c:\users\robin\downloads\1graphics_coursework current\1graphics_coursework current\1graphics_coursework\space game\space game\x64\debug\shader.obj
c:\users\robin\downloads\1graphics_coursework current\1graphics_coursework current\1graphics_coursework\space game\space game\x64\debug\stage.obj
c:\users\robin\downloads\1graphics_coursework current\1graphics_coursework current\1graphics_coursework\space game\space game\x64\debug\racetrack.obj
c:\users\robin\downloads\1graphics_coursework current\1graphics_coursework current\1graphics_coursework\space game\space game\x64\debug\player.obj
c:\users\robin\downloads\1graphics_coursework current\1graphics_coursework current\1graphics_coursework\space game\space game\x64\debug\mainstage.obj
c:\users\robin\downloads\1graphics_coursework current\1graphics_coursework current\1graphics_coursework\space game\space game\x64\debug\main.obj
c:\users\robin\downloads\1graphics_coursework current\1graphics_coursework current\1graphics_coursework\space game\space game\x64\debug\loadingscreen.obj
c:\users\robin\downloads\1graphics_coursework current\1graphics_coursework current\1graphics_coursework\space game\space game\x64\debug\imageloading.obj
c:\users\robin\downloads\1graphics_coursework current\1graphics_coursework current\1graphics_coursework\space game\space game\x64\debug\freetype.obj
c:\users\robin\downloads\1graphics_coursework current\1graphics_coursework current\1graphics_coursework\space game\space game\x64\debug\endscreen.obj
c:\users\robin\downloads\1graphics_coursework current\1graphics_coursework current\1graphics_coursework\space game\space game\x64\debug\button.obj
c:\users\robin\downloads\1graphics_coursework current\1graphics_coursework current\1graphics_coursework\space game\space game\x64\debug\bullet.obj
c:\users\robin\downloads\1graphics_coursework current\1graphics_coursework current\1graphics_coursework\space game\space game\x64\debug\background.obj
c:\users\robin\downloads\1graphics_coursework current\1graphics_coursework current\1graphics_coursework\space game\space game\x64\debug\asteroid.obj
c:\users\robin\downloads\1graphics_coursework current\1graphics_coursework current\1graphics_coursework\space game\space game\x64\debug\ai.obj
c:\users\robin\downloads\1graphics_coursework current\1graphics_coursework current\1graphics_coursework\space game\space game\x64\debug\globals.obj
c:\users\robin\downloads\1graphics_coursework current\1graphics_coursework current\1graphics_coursework\space game\x64\debug\space game.exe
c:\users\robin\downloads\1graphics_coursework current\1graphics_coursework current\1graphics_coursework\space game\space game\x64\debug\space game.ilk
c:\users\robin\downloads\1graphics_coursework current\1graphics_coursework current\1graphics_coursework\space game\x64\debug\space game.pdb
c:\users\robin\downloads\1graphics_coursework current\1graphics_coursework current\1graphics_coursework\space game\space game\x64\debug\space game.tlog\cl.command.1.tlog
c:\users\robin\downloads\1graphics_coursework current\1graphics_coursework current\1graphics_coursework\space game\space game\x64\debug\space game.tlog\cl.read.1.tlog
c:\users\robin\downloads\1graphics_coursework current\1graphics_coursework current\1graphics_coursework\space game\space game\x64\debug\space game.tlog\cl.write.1.tlog
c:\users\robin\downloads\1graphics_coursework current\1graphics_coursework current\1graphics_coursework\space game\space game\x64\debug\space game.tlog\link.command.1.tlog
c:\users\robin\downloads\1graphics_coursework current\1graphics_coursework current\1graphics_coursework\space game\space game\x64\debug\space game.tlog\link.read.1.tlog
c:\users\robin\downloads\1graphics_coursework current\1graphics_coursework current\1graphics_coursework\space game\space game\x64\debug\space game.tlog\link.write.1.tlog
